
counter: system execution failed.
Following is the set of recorded exceptions:

******************************** Thread exception *****************************
In thread           Root thread            0x0 (thread id)
*******************************************************************************
-------------------------------------------------------------------------------
Class / Object      Routine                Nature of exception           Effect
-------------------------------------------------------------------------------
MY_COUNTER          _invariant             counter_in_range:            
<00000000047B65E8>                         Class invariant violated.     Fail
-------------------------------------------------------------------------------
MY_COUNTER          _invariant                                          
<00000000047B65E8>                         Routine failure.              Fail
-------------------------------------------------------------------------------
MY_COUNTER          make @2                                             
<00000000047B65E8>                         Routine failure.              Fail
-------------------------------------------------------------------------------
APPLICATION         make @1                                             
<00000000047B65A8>                         Routine failure.              Fail
-------------------------------------------------------------------------------
APPLICATION         root's creation                                     
<00000000047B65A8>                         Routine failure.              Exit
-------------------------------------------------------------------------------
